2014-01-16 00:09:11 Error: [MissingActionException] Action AdminController::index() could not be found.
Exception Attributes: array (
  'controller' => 'AdminController',
  'action' => 'index',
)
Request URL: /admin
Stack Trace:
#0 C:\xampp\htdocs\lib\Cake\Routing\Dispatcher.php(185): Controller->invokeAction(Object(CakeRequest))
#1 C:\xampp\htdocs\lib\Cake\Routing\Dispatcher.php(160): Dispatcher->_invoke(Object(AdminController), Object(CakeRequest), Object(CakeResponse))
#2 C:\xampp\htdocs\app\webroot\index.php(108): Dispatcher->dispatch(Object(CakeRequest), Object(CakeResponse))
#3 {main}
2014-01-16 01:02:19 Error: [MissingControllerException] Controller class JsController could not be found.
Exception Attributes: array (
  'class' => 'JsController',
  'plugin' => NULL,
)
Request URL: /js/adapters/jquery.js
Stack Trace:
#0 C:\xampp\htdocs\app\webroot\index.php(108): Dispatcher->dispatch(Object(CakeRequest), Object(CakeResponse))
#1 {main}
2014-01-16 01:02:25 Error: [MissingControllerException] Controller class JsController could not be found.
Exception Attributes: array (
  'class' => 'JsController',
  'plugin' => NULL,
)
Request URL: /js/adapters/jquery.js
Stack Trace:
#0 C:\xampp\htdocs\app\webroot\index.php(108): Dispatcher->dispatch(Object(CakeRequest), Object(CakeResponse))
#1 {main}
2014-01-16 01:02:26 Error: [MissingControllerException] Controller class JsController could not be found.
Exception Attributes: array (
  'class' => 'JsController',
  'plugin' => NULL,
)
Request URL: /js/adapters/jquery.js
Stack Trace:
#0 C:\xampp\htdocs\app\webroot\index.php(108): Dispatcher->dispatch(Object(CakeRequest), Object(CakeResponse))
#1 {main}
2014-01-16 01:07:13 Error: [MissingControllerException] Controller class JsController could not be found.
Exception Attributes: array (
  'class' => 'JsController',
  'plugin' => NULL,
)
Request URL: /js/config.js?t=DBAA
Stack Trace:
#0 C:\xampp\htdocs\app\webroot\index.php(108): Dispatcher->dispatch(Object(CakeRequest), Object(CakeResponse))
#1 {main}
2014-01-16 01:07:13 Error: [MissingControllerException] Controller class JsController could not be found.
Exception Attributes: array (
  'class' => 'JsController',
  'plugin' => NULL,
)
Request URL: /js/skins/moono/editor.css?t=DBAA
Stack Trace:
#0 C:\xampp\htdocs\app\webroot\index.php(108): Dispatcher->dispatch(Object(CakeRequest), Object(CakeResponse))
#1 {main}
2014-01-16 01:07:13 Error: [MissingControllerException] Controller class JsController could not be found.
Exception Attributes: array (
  'class' => 'JsController',
  'plugin' => NULL,
)
Request URL: /js/lang/pt-br.js?t=DBAA
Stack Trace:
#0 C:\xampp\htdocs\app\webroot\index.php(108): Dispatcher->dispatch(Object(CakeRequest), Object(CakeResponse))
#1 {main}
2014-01-16 01:09:12 Error: [MissingControllerException] Controller class JsController could not be found.
Exception Attributes: array (
  'class' => 'JsController',
  'plugin' => NULL,
)
Request URL: /js/lang/pt-br.js?t=DBAA
Stack Trace:
#0 C:\xampp\htdocs\app\webroot\index.php(108): Dispatcher->dispatch(Object(CakeRequest), Object(CakeResponse))
#1 {main}
2014-01-16 01:09:12 Error: [MissingControllerException] Controller class JsController could not be found.
Exception Attributes: array (
  'class' => 'JsController',
  'plugin' => NULL,
)
Request URL: /js/skins/moono/editor.css?t=DBAA
Stack Trace:
#0 C:\xampp\htdocs\app\webroot\index.php(108): Dispatcher->dispatch(Object(CakeRequest), Object(CakeResponse))
#1 {main}
2014-01-16 01:09:48 Error: [MissingControllerException] Controller class JsController could not be found.
Exception Attributes: array (
  'class' => 'JsController',
  'plugin' => NULL,
)
Request URL: /js/styles.js?t=DBAA
Stack Trace:
#0 C:\xampp\htdocs\app\webroot\index.php(108): Dispatcher->dispatch(Object(CakeRequest), Object(CakeResponse))
#1 {main}
2014-01-16 01:10:10 Error: [MissingControllerException] Controller class JsController could not be found.
Exception Attributes: array (
  'class' => 'JsController',
  'plugin' => NULL,
)
Request URL: /js/contents.css
Stack Trace:
#0 C:\xampp\htdocs\app\webroot\index.php(108): Dispatcher->dispatch(Object(CakeRequest), Object(CakeResponse))
#1 {main}
2014-01-16 01:56:29 Error: [MissingActionException] Action PostsController::edit() could not be found.
Exception Attributes: array (
  'controller' => 'PostsController',
  'action' => 'edit',
)
Request URL: /posts/edit/1
Stack Trace:
#0 C:\xampp\htdocs\lib\Cake\Routing\Dispatcher.php(185): Controller->invokeAction(Object(CakeRequest))
#1 C:\xampp\htdocs\lib\Cake\Routing\Dispatcher.php(160): Dispatcher->_invoke(Object(PostsController), Object(CakeRequest), Object(CakeResponse))
#2 C:\xampp\htdocs\app\webroot\index.php(108): Dispatcher->dispatch(Object(CakeRequest), Object(CakeResponse))
#3 {main}
2014-01-16 01:57:34 Error: [MissingActionException] Action PostsController::edit() could not be found.
Exception Attributes: array (
  'controller' => 'PostsController',
  'action' => 'edit',
)
Request URL: /posts/edit/2
Stack Trace:
#0 C:\xampp\htdocs\lib\Cake\Routing\Dispatcher.php(185): Controller->invokeAction(Object(CakeRequest))
#1 C:\xampp\htdocs\lib\Cake\Routing\Dispatcher.php(160): Dispatcher->_invoke(Object(PostsController), Object(CakeRequest), Object(CakeResponse))
#2 C:\xampp\htdocs\app\webroot\index.php(108): Dispatcher->dispatch(Object(CakeRequest), Object(CakeResponse))
#3 {main}
2014-01-16 01:58:31 Error: [MissingActionException] Action PostsController::edit() could not be found.
Exception Attributes: array (
  'controller' => 'PostsController',
  'action' => 'edit',
)
Request URL: /posts/edit/1
Stack Trace:
#0 C:\xampp\htdocs\lib\Cake\Routing\Dispatcher.php(185): Controller->invokeAction(Object(CakeRequest))
#1 C:\xampp\htdocs\lib\Cake\Routing\Dispatcher.php(160): Dispatcher->_invoke(Object(PostsController), Object(CakeRequest), Object(CakeResponse))
#2 C:\xampp\htdocs\app\webroot\index.php(108): Dispatcher->dispatch(Object(CakeRequest), Object(CakeResponse))
#3 {main}
2014-01-16 02:00:38 Error: [MissingActionException] Action AdminController::delete() could not be found.
Exception Attributes: array (
  'controller' => 'AdminController',
  'action' => 'delete',
)
Request URL: /admin/delete/2
Stack Trace:
#0 C:\xampp\htdocs\lib\Cake\Routing\Dispatcher.php(185): Controller->invokeAction(Object(CakeRequest))
#1 C:\xampp\htdocs\lib\Cake\Routing\Dispatcher.php(160): Dispatcher->_invoke(Object(AdminController), Object(CakeRequest), Object(CakeResponse))
#2 C:\xampp\htdocs\app\webroot\index.php(108): Dispatcher->dispatch(Object(CakeRequest), Object(CakeResponse))
#3 {main}
2014-01-16 02:01:49 Error: [MissingActionException] Action AdminController::index() could not be found.
Exception Attributes: array (
  'controller' => 'AdminController',
  'action' => 'index',
)
Request URL: /admin
Stack Trace:
#0 C:\xampp\htdocs\lib\Cake\Routing\Dispatcher.php(185): Controller->invokeAction(Object(CakeRequest))
#1 C:\xampp\htdocs\lib\Cake\Routing\Dispatcher.php(160): Dispatcher->_invoke(Object(AdminController), Object(CakeRequest), Object(CakeResponse))
#2 C:\xampp\htdocs\app\webroot\index.php(108): Dispatcher->dispatch(Object(CakeRequest), Object(CakeResponse))
#3 {main}
2014-01-16 02:34:05 Error: [MissingActionException] Action PostsController::edit() could not be found.
Exception Attributes: array (
  'controller' => 'PostsController',
  'action' => 'edit',
)
Request URL: /posts/edit/2
Stack Trace:
#0 C:\xampp\htdocs\lib\Cake\Routing\Dispatcher.php(185): Controller->invokeAction(Object(CakeRequest))
#1 C:\xampp\htdocs\lib\Cake\Routing\Dispatcher.php(160): Dispatcher->_invoke(Object(PostsController), Object(CakeRequest), Object(CakeResponse))
#2 C:\xampp\htdocs\app\webroot\index.php(108): Dispatcher->dispatch(Object(CakeRequest), Object(CakeResponse))
#3 {main}
2014-01-16 02:34:55 Error: [MissingActionException] Action PostsController::edit() could not be found.
Exception Attributes: array (
  'controller' => 'PostsController',
  'action' => 'edit',
)
Request URL: /posts/edit/2
Stack Trace:
#0 C:\xampp\htdocs\lib\Cake\Routing\Dispatcher.php(185): Controller->invokeAction(Object(CakeRequest))
#1 C:\xampp\htdocs\lib\Cake\Routing\Dispatcher.php(160): Dispatcher->_invoke(Object(PostsController), Object(CakeRequest), Object(CakeResponse))
#2 C:\xampp\htdocs\app\webroot\index.php(108): Dispatcher->dispatch(Object(CakeRequest), Object(CakeResponse))
#3 {main}
2014-01-16 02:35:19 Error: [MissingActionException] Action PostsController::edit_post() could not be found.
Exception Attributes: array (
  'controller' => 'PostsController',
  'action' => 'edit_post',
)
Request URL: /posts/edit_post/2
Stack Trace:
#0 C:\xampp\htdocs\lib\Cake\Routing\Dispatcher.php(185): Controller->invokeAction(Object(CakeRequest))
#1 C:\xampp\htdocs\lib\Cake\Routing\Dispatcher.php(160): Dispatcher->_invoke(Object(PostsController), Object(CakeRequest), Object(CakeResponse))
#2 C:\xampp\htdocs\app\webroot\index.php(108): Dispatcher->dispatch(Object(CakeRequest), Object(CakeResponse))
#3 {main}
2014-01-16 02:36:06 Error: [MissingActionException] Action PostsController::edit_post() could not be found.
Exception Attributes: array (
  'controller' => 'PostsController',
  'action' => 'edit_post',
)
Request URL: /posts/edit_post/2
Stack Trace:
#0 C:\xampp\htdocs\lib\Cake\Routing\Dispatcher.php(185): Controller->invokeAction(Object(CakeRequest))
#1 C:\xampp\htdocs\lib\Cake\Routing\Dispatcher.php(160): Dispatcher->_invoke(Object(PostsController), Object(CakeRequest), Object(CakeResponse))
#2 C:\xampp\htdocs\app\webroot\index.php(108): Dispatcher->dispatch(Object(CakeRequest), Object(CakeResponse))
#3 {main}
2014-01-16 23:17:24 Error: [MissingActionException] Action UsersController::add() could not be found.
Exception Attributes: array (
  'controller' => 'UsersController',
  'action' => 'add',
)
Request URL: /users/add
Stack Trace:
#0 C:\xampp\htdocs\lib\Cake\Routing\Dispatcher.php(185): Controller->invokeAction(Object(CakeRequest))
#1 C:\xampp\htdocs\lib\Cake\Routing\Dispatcher.php(160): Dispatcher->_invoke(Object(UsersController), Object(CakeRequest), Object(CakeResponse))
#2 C:\xampp\htdocs\app\webroot\index.php(108): Dispatcher->dispatch(Object(CakeRequest), Object(CakeResponse))
#3 {main}
2014-01-16 23:17:30 Error: [MissingActionException] Action UsersController::add() could not be found.
Exception Attributes: array (
  'controller' => 'UsersController',
  'action' => 'add',
)
Request URL: /users/add
Stack Trace:
#0 C:\xampp\htdocs\lib\Cake\Routing\Dispatcher.php(185): Controller->invokeAction(Object(CakeRequest))
#1 C:\xampp\htdocs\lib\Cake\Routing\Dispatcher.php(160): Dispatcher->_invoke(Object(UsersController), Object(CakeRequest), Object(CakeResponse))
#2 C:\xampp\htdocs\app\webroot\index.php(108): Dispatcher->dispatch(Object(CakeRequest), Object(CakeResponse))
#3 {main}
2014-01-16 23:17:30 Error: [MissingActionException] Action UsersController::add() could not be found.
Exception Attributes: array (
  'controller' => 'UsersController',
  'action' => 'add',
)
Request URL: /users/add
Stack Trace:
#0 C:\xampp\htdocs\lib\Cake\Routing\Dispatcher.php(185): Controller->invokeAction(Object(CakeRequest))
#1 C:\xampp\htdocs\lib\Cake\Routing\Dispatcher.php(160): Dispatcher->_invoke(Object(UsersController), Object(CakeRequest), Object(CakeResponse))
#2 C:\xampp\htdocs\app\webroot\index.php(108): Dispatcher->dispatch(Object(CakeRequest), Object(CakeResponse))
#3 {main}
2014-01-16 23:52:48 Error: [MissingActionException] Action UsersController::login() could not be found.
Exception Attributes: array (
  'controller' => 'UsersController',
  'action' => 'login',
)
Request URL: /users/login
Stack Trace:
#0 C:\xampp\htdocs\lib\Cake\Routing\Dispatcher.php(185): Controller->invokeAction(Object(CakeRequest))
#1 C:\xampp\htdocs\lib\Cake\Routing\Dispatcher.php(160): Dispatcher->_invoke(Object(UsersController), Object(CakeRequest), Object(CakeResponse))
#2 C:\xampp\htdocs\app\webroot\index.php(108): Dispatcher->dispatch(Object(CakeRequest), Object(CakeResponse))
#3 {main}
2014-01-16 23:52:55 Error: [MissingActionException] Action UsersController::login() could not be found.
Exception Attributes: array (
  'controller' => 'UsersController',
  'action' => 'login',
)
Request URL: /users/login
Stack Trace:
#0 C:\xampp\htdocs\lib\Cake\Routing\Dispatcher.php(185): Controller->invokeAction(Object(CakeRequest))
#1 C:\xampp\htdocs\lib\Cake\Routing\Dispatcher.php(160): Dispatcher->_invoke(Object(UsersController), Object(CakeRequest), Object(CakeResponse))
#2 C:\xampp\htdocs\app\webroot\index.php(108): Dispatcher->dispatch(Object(CakeRequest), Object(CakeResponse))
#3 {main}
2014-01-16 23:59:35 Error: [MissingActionException] Action AdminController::index() could not be found.
Exception Attributes: array (
  'controller' => 'AdminController',
  'action' => 'index',
)
Request URL: /admin
Stack Trace:
#0 C:\xampp\htdocs\lib\Cake\Routing\Dispatcher.php(185): Controller->invokeAction(Object(CakeRequest))
#1 C:\xampp\htdocs\lib\Cake\Routing\Dispatcher.php(160): Dispatcher->_invoke(Object(AdminController), Object(CakeRequest), Object(CakeResponse))
#2 C:\xampp\htdocs\app\webroot\index.php(108): Dispatcher->dispatch(Object(CakeRequest), Object(CakeResponse))
#3 {main}
2014-01-17 00:00:28 Error: [MissingViewException] View file "C:\xampp\htdocs\app\View\Admin\index.ctp" is missing.
Exception Attributes: array (
  'file' => 'C:\\xampp\\htdocs\\app\\View\\Admin\\index.ctp',
)
Request URL: /admin
Stack Trace:
#0 C:\xampp\htdocs\lib\Cake\View\View.php(457): View->_getViewFileName(NULL)
#1 C:\xampp\htdocs\lib\Cake\Controller\Controller.php(952): View->render(NULL, NULL)
#2 C:\xampp\htdocs\lib\Cake\Routing\Dispatcher.php(192): Controller->render()
#3 C:\xampp\htdocs\lib\Cake\Routing\Dispatcher.php(160): Dispatcher->_invoke(Object(AdminController), Object(CakeRequest), Object(CakeResponse))
#4 C:\xampp\htdocs\app\webroot\index.php(108): Dispatcher->dispatch(Object(CakeRequest), Object(CakeResponse))
#5 {main}
2014-01-17 00:01:10 Error: [MissingViewException] View file "C:\xampp\htdocs\app\View\Users\login.ctp" is missing.
Exception Attributes: array (
  'file' => 'C:\\xampp\\htdocs\\app\\View\\Users\\login.ctp',
)
Request URL: /users/login
Stack Trace:
#0 C:\xampp\htdocs\lib\Cake\View\View.php(457): View->_getViewFileName(NULL)
#1 C:\xampp\htdocs\lib\Cake\Controller\Controller.php(952): View->render(NULL, NULL)
#2 C:\xampp\htdocs\lib\Cake\Routing\Dispatcher.php(192): Controller->render()
#3 C:\xampp\htdocs\lib\Cake\Routing\Dispatcher.php(160): Dispatcher->_invoke(Object(UsersController), Object(CakeRequest), Object(CakeResponse))
#4 C:\xampp\htdocs\app\webroot\index.php(108): Dispatcher->dispatch(Object(CakeRequest), Object(CakeResponse))
#5 {main}
2014-01-17 00:01:22 Error: [MissingViewException] View file "C:\xampp\htdocs\app\View\Users\login.ctp" is missing.
Exception Attributes: array (
  'file' => 'C:\\xampp\\htdocs\\app\\View\\Users\\login.ctp',
)
Request URL: /users/login
Stack Trace:
#0 C:\xampp\htdocs\lib\Cake\View\View.php(457): View->_getViewFileName(NULL)
#1 C:\xampp\htdocs\lib\Cake\Controller\Controller.php(952): View->render(NULL, NULL)
#2 C:\xampp\htdocs\lib\Cake\Routing\Dispatcher.php(192): Controller->render()
#3 C:\xampp\htdocs\lib\Cake\Routing\Dispatcher.php(160): Dispatcher->_invoke(Object(UsersController), Object(CakeRequest), Object(CakeResponse))
#4 C:\xampp\htdocs\app\webroot\index.php(108): Dispatcher->dispatch(Object(CakeRequest), Object(CakeResponse))
#5 {main}
2014-01-17 00:01:49 Error: [MissingViewException] View file "C:\xampp\htdocs\app\View\Users\login.ctp" is missing.
Exception Attributes: array (
  'file' => 'C:\\xampp\\htdocs\\app\\View\\Users\\login.ctp',
)
Request URL: /users/login
Stack Trace:
#0 C:\xampp\htdocs\lib\Cake\View\View.php(457): View->_getViewFileName(NULL)
#1 C:\xampp\htdocs\lib\Cake\Controller\Controller.php(952): View->render(NULL, NULL)
#2 C:\xampp\htdocs\lib\Cake\Routing\Dispatcher.php(192): Controller->render()
#3 C:\xampp\htdocs\lib\Cake\Routing\Dispatcher.php(160): Dispatcher->_invoke(Object(UsersController), Object(CakeRequest), Object(CakeResponse))
#4 C:\xampp\htdocs\app\webroot\index.php(108): Dispatcher->dispatch(Object(CakeRequest), Object(CakeResponse))
#5 {main}
2014-01-17 00:01:58 Error: [MissingActionException] Action AdminController::panel() could not be found.
Exception Attributes: array (
  'controller' => 'AdminController',
  'action' => 'panel',
)
Request URL: /admin/panel
Stack Trace:
#0 C:\xampp\htdocs\lib\Cake\Routing\Dispatcher.php(185): Controller->invokeAction(Object(CakeRequest))
#1 C:\xampp\htdocs\lib\Cake\Routing\Dispatcher.php(160): Dispatcher->_invoke(Object(AdminController), Object(CakeRequest), Object(CakeResponse))
#2 C:\xampp\htdocs\app\webroot\index.php(108): Dispatcher->dispatch(Object(CakeRequest), Object(CakeResponse))
#3 {main}
2014-01-17 00:02:09 Error: [MissingViewException] View file "C:\xampp\htdocs\app\View\Users\login.ctp" is missing.
Exception Attributes: array (
  'file' => 'C:\\xampp\\htdocs\\app\\View\\Users\\login.ctp',
)
Request URL: /users/login
Stack Trace:
#0 C:\xampp\htdocs\lib\Cake\View\View.php(457): View->_getViewFileName(NULL)
#1 C:\xampp\htdocs\lib\Cake\Controller\Controller.php(952): View->render(NULL, NULL)
#2 C:\xampp\htdocs\lib\Cake\Routing\Dispatcher.php(192): Controller->render()
#3 C:\xampp\htdocs\lib\Cake\Routing\Dispatcher.php(160): Dispatcher->_invoke(Object(UsersController), Object(CakeRequest), Object(CakeResponse))
#4 C:\xampp\htdocs\app\webroot\index.php(108): Dispatcher->dispatch(Object(CakeRequest), Object(CakeResponse))
#5 {main}
2014-01-17 01:13:48 Error: Fatal Error (1): Call to a member function save() on a non-object in [C:\xampp\htdocs\app\Controller\UsersController.php, line 38]
2014-01-17 01:13:48 Error: [FatalErrorException] Call to a member function save() on a non-object
Request URL: /users/register
Stack Trace:
#0 C:\xampp\htdocs\lib\Cake\Error\ErrorHandler.php(203): ErrorHandler::handleFatalError(1, 'Call to a membe...', 'C:\xampp\htdocs...', 38)
#1 [internal function]: ErrorHandler::handleError(1, 'Call to a membe...', 'C:\xampp\htdocs...', 38, Array)
#2 C:\xampp\htdocs\lib\Cake\Core\App.php(929): call_user_func('ErrorHandler::h...', 1, 'Call to a membe...', 'C:\xampp\htdocs...', 38, Array)
#3 C:\xampp\htdocs\lib\Cake\Core\App.php(902): App::_checkFatalError()
#4 [internal function]: App::shutdown()
#5 {main}
2014-01-18 01:03:22 Error: [MissingControllerException] Controller class CssController could not be found.
Exception Attributes: array (
  'class' => 'CssController',
  'plugin' => NULL,
)
Request URL: /css/img/bg.jpg
Stack Trace:
#0 C:\xampp\htdocs\app\webroot\index.php(108): Dispatcher->dispatch(Object(CakeRequest), Object(CakeResponse))
#1 {main}
2014-01-18 01:03:33 Error: [MissingControllerException] Controller class CssController could not be found.
Exception Attributes: array (
  'class' => 'CssController',
  'plugin' => NULL,
)
Request URL: /css/img/bg.jpg
Stack Trace:
#0 C:\xampp\htdocs\app\webroot\index.php(108): Dispatcher->dispatch(Object(CakeRequest), Object(CakeResponse))
#1 {main}
2014-01-18 01:03:46 Error: [MissingControllerException] Controller class ImgController could not be found.
Exception Attributes: array (
  'class' => 'ImgController',
  'plugin' => NULL,
)
Request URL: /img/bg.jpg
Stack Trace:
#0 C:\xampp\htdocs\app\webroot\index.php(108): Dispatcher->dispatch(Object(CakeRequest), Object(CakeResponse))
#1 {main}
2014-01-18 01:03:51 Error: [MissingControllerException] Controller class ImgController could not be found.
Exception Attributes: array (
  'class' => 'ImgController',
  'plugin' => NULL,
)
Request URL: /img/bg.jpg
Stack Trace:
#0 C:\xampp\htdocs\app\webroot\index.php(108): Dispatcher->dispatch(Object(CakeRequest), Object(CakeResponse))
#1 {main}
2014-01-18 01:03:52 Error: [MissingControllerException] Controller class ImgController could not be found.
Exception Attributes: array (
  'class' => 'ImgController',
  'plugin' => NULL,
)
Request URL: /img/bg.jpg
Stack Trace:
#0 C:\xampp\htdocs\app\webroot\index.php(108): Dispatcher->dispatch(Object(CakeRequest), Object(CakeResponse))
#1 {main}
2014-01-18 01:04:26 Error: [MissingControllerException] Controller class CssController could not be found.
Exception Attributes: array (
  'class' => 'CssController',
  'plugin' => NULL,
)
Request URL: /css/img/bg.png
Stack Trace:
#0 C:\xampp\htdocs\app\webroot\index.php(108): Dispatcher->dispatch(Object(CakeRequest), Object(CakeResponse))
#1 {main}
2014-01-18 01:04:38 Error: [MissingControllerException] Controller class CssController could not be found.
Exception Attributes: array (
  'class' => 'CssController',
  'plugin' => NULL,
)
Request URL: /css/img/bg.png
Stack Trace:
#0 C:\xampp\htdocs\app\webroot\index.php(108): Dispatcher->dispatch(Object(CakeRequest), Object(CakeResponse))
#1 {main}
2014-01-18 01:04:39 Error: [MissingControllerException] Controller class CssController could not be found.
Exception Attributes: array (
  'class' => 'CssController',
  'plugin' => NULL,
)
Request URL: /css/img/bg.png
Stack Trace:
#0 C:\xampp\htdocs\app\webroot\index.php(108): Dispatcher->dispatch(Object(CakeRequest), Object(CakeResponse))
#1 {main}
2014-01-18 01:14:55 Error: [MissingControllerException] Controller class IController could not be found.
Exception Attributes: array (
  'class' => 'IController',
  'plugin' => NULL,
)
Request URL: /i
Stack Trace:
#0 C:\xampp\htdocs\app\webroot\index.php(108): Dispatcher->dispatch(Object(CakeRequest), Object(CakeResponse))
#1 {main}
2014-01-18 01:14:56 Error: [MissingControllerException] Controller class ImController could not be found.
Exception Attributes: array (
  'class' => 'ImController',
  'plugin' => NULL,
)
Request URL: /im
Stack Trace:
#0 C:\xampp\htdocs\app\webroot\index.php(108): Dispatcher->dispatch(Object(CakeRequest), Object(CakeResponse))
#1 {main}
2014-01-18 01:15:02 Error: [MissingControllerException] Controller class ImgController could not be found.
Exception Attributes: array (
  'class' => 'ImgController',
  'plugin' => NULL,
)
Request URL: /img/n
Stack Trace:
#0 C:\xampp\htdocs\app\webroot\index.php(108): Dispatcher->dispatch(Object(CakeRequest), Object(CakeResponse))
#1 {main}
2014-01-18 01:15:02 Error: [MissingControllerException] Controller class ImgController could not be found.
Exception Attributes: array (
  'class' => 'ImgController',
  'plugin' => NULL,
)
Request URL: /img/no
Stack Trace:
#0 C:\xampp\htdocs\app\webroot\index.php(108): Dispatcher->dispatch(Object(CakeRequest), Object(CakeResponse))
#1 {main}
2014-01-18 01:15:02 Error: [MissingControllerException] Controller class ImgController could not be found.
Exception Attributes: array (
  'class' => 'ImgController',
  'plugin' => NULL,
)
Request URL: /img/noi
Stack Trace:
#0 C:\xampp\htdocs\app\webroot\index.php(108): Dispatcher->dispatch(Object(CakeRequest), Object(CakeResponse))
#1 {main}
2014-01-18 01:15:02 Error: [MissingControllerException] Controller class ImgController could not be found.
Exception Attributes: array (
  'class' => 'ImgController',
  'plugin' => NULL,
)
Request URL: /img/nois
Stack Trace:
#0 C:\xampp\htdocs\app\webroot\index.php(108): Dispatcher->dispatch(Object(CakeRequest), Object(CakeResponse))
#1 {main}
2014-01-18 01:15:02 Error: [MissingControllerException] Controller class ImgController could not be found.
Exception Attributes: array (
  'class' => 'ImgController',
  'plugin' => NULL,
)
Request URL: /img/noise
Stack Trace:
#0 C:\xampp\htdocs\app\webroot\index.php(108): Dispatcher->dispatch(Object(CakeRequest), Object(CakeResponse))
#1 {main}
2014-01-18 01:15:03 Error: [MissingControllerException] Controller class ImgController could not be found.
Exception Attributes: array (
  'class' => 'ImgController',
  'plugin' => NULL,
)
Request URL: /img/noise.
Stack Trace:
#0 C:\xampp\htdocs\app\webroot\index.php(108): Dispatcher->dispatch(Object(CakeRequest), Object(CakeResponse))
#1 {main}
2014-01-18 01:15:03 Error: [MissingControllerException] Controller class ImgController could not be found.
Exception Attributes: array (
  'class' => 'ImgController',
  'plugin' => NULL,
)
Request URL: /img/noise.p
Stack Trace:
#0 C:\xampp\htdocs\app\webroot\index.php(108): Dispatcher->dispatch(Object(CakeRequest), Object(CakeResponse))
#1 {main}
2014-01-18 01:15:03 Error: [MissingControllerException] Controller class ImgController could not be found.
Exception Attributes: array (
  'class' => 'ImgController',
  'plugin' => NULL,
)
Request URL: /img/noise.pn
Stack Trace:
#0 C:\xampp\htdocs\app\webroot\index.php(108): Dispatcher->dispatch(Object(CakeRequest), Object(CakeResponse))
#1 {main}
2014-01-18 01:35:36 Error: [MissingControllerException] Controller class CommunityController could not be found.
Exception Attributes: array (
  'class' => 'CommunityController',
  'plugin' => NULL,
)
Request URL: /community/teste
Stack Trace:
#0 C:\xampp\htdocs\app\webroot\index.php(108): Dispatcher->dispatch(Object(CakeRequest), Object(CakeResponse))
#1 {main}
2014-01-18 01:36:53 Error: [MissingControllerException] Controller class CommunityController could not be found.
Exception Attributes: array (
  'class' => 'CommunityController',
  'plugin' => NULL,
)
Request URL: /community/teste
Stack Trace:
#0 C:\xampp\htdocs\app\webroot\index.php(108): Dispatcher->dispatch(Object(CakeRequest), Object(CakeResponse))
#1 {main}
2014-01-18 01:36:55 Error: [MissingControllerException] Controller class CommunityController could not be found.
Exception Attributes: array (
  'class' => 'CommunityController',
  'plugin' => NULL,
)
Request URL: /community/teste
Stack Trace:
#0 C:\xampp\htdocs\app\webroot\index.php(108): Dispatcher->dispatch(Object(CakeRequest), Object(CakeResponse))
#1 {main}
2014-01-18 01:37:37 Error: [MissingViewException] View file "C:\xampp\htdocs\app\View\Community\teste.ctp" is missing.
Exception Attributes: array (
  'file' => 'C:\\xampp\\htdocs\\app\\View\\Community\\teste.ctp',
)
Request URL: /community/teste
Stack Trace:
#0 C:\xampp\htdocs\lib\Cake\View\View.php(457): View->_getViewFileName(NULL)
#1 C:\xampp\htdocs\lib\Cake\Controller\Controller.php(952): View->render(NULL, NULL)
#2 C:\xampp\htdocs\lib\Cake\Routing\Dispatcher.php(192): Controller->render()
#3 C:\xampp\htdocs\lib\Cake\Routing\Dispatcher.php(160): Dispatcher->_invoke(Object(CommunityController), Object(CakeRequest), Object(CakeResponse))
#4 C:\xampp\htdocs\app\webroot\index.php(108): Dispatcher->dispatch(Object(CakeRequest), Object(CakeResponse))
#5 {main}
2014-01-18 01:39:47 Error: Fatal Error (1): Class 'OTServStatus' not found in [C:\xampp\htdocs\app\View\Community\teste.ctp, line 5]
2014-01-18 01:39:47 Error: [FatalErrorException] Class 'OTServStatus' not found
Request URL: /community/teste
Stack Trace:
#0 C:\xampp\htdocs\lib\Cake\Error\ErrorHandler.php(203): ErrorHandler::handleFatalError(1, 'Class 'OTServSt...', 'C:\xampp\htdocs...', 5)
#1 [internal function]: ErrorHandler::handleError(1, 'Class 'OTServSt...', 'C:\xampp\htdocs...', 5, Array)
#2 C:\xampp\htdocs\lib\Cake\Core\App.php(929): call_user_func('ErrorHandler::h...', 1, 'Class 'OTServSt...', 'C:\xampp\htdocs...', 5, Array)
#3 C:\xampp\htdocs\lib\Cake\Core\App.php(902): App::_checkFatalError()
#4 [internal function]: App::shutdown()
#5 {main}
2014-01-18 01:40:31 Error: Fatal Error (1): Class 'OTServStatus' not found in [C:\xampp\htdocs\app\View\Community\teste.ctp, line 5]
2014-01-18 01:40:31 Error: [FatalErrorException] Class 'OTServStatus' not found
Request URL: /community/teste
Stack Trace:
#0 C:\xampp\htdocs\lib\Cake\Error\ErrorHandler.php(203): ErrorHandler::handleFatalError(1, 'Class 'OTServSt...', 'C:\xampp\htdocs...', 5)
#1 [internal function]: ErrorHandler::handleError(1, 'Class 'OTServSt...', 'C:\xampp\htdocs...', 5, Array)
#2 C:\xampp\htdocs\lib\Cake\Core\App.php(929): call_user_func('ErrorHandler::h...', 1, 'Class 'OTServSt...', 'C:\xampp\htdocs...', 5, Array)
#3 C:\xampp\htdocs\lib\Cake\Core\App.php(902): App::_checkFatalError()
#4 [internal function]: App::shutdown()
#5 {main}
2014-01-18 01:40:46 Error: Fatal Error (64): require() [<a href='http://php.net/function.require'>function.require</a>]: Failed opening required 'class.otserv.php' (include_path='C:\xampp\htdocs\lib;.;C:\xampp\php\PEAR') in [C:\xampp\htdocs\app\View\Community\teste.ctp, line 4]
2014-01-18 01:40:46 Error: [FatalErrorException] require() [<a href='http://php.net/function.require'>function.require</a>]: Failed opening required 'class.otserv.php' (include_path='C:\xampp\htdocs\lib;.;C:\xampp\php\PEAR')
Request URL: /community/teste
Stack Trace:
#0 C:\xampp\htdocs\lib\Cake\Error\ErrorHandler.php(203): ErrorHandler::handleFatalError(64, 'require() [<a h...', 'C:\xampp\htdocs...', 4)
#1 [internal function]: ErrorHandler::handleError(64, 'require() [<a h...', 'C:\xampp\htdocs...', 4, Array)
#2 C:\xampp\htdocs\lib\Cake\Core\App.php(929): call_user_func('ErrorHandler::h...', 64, 'require() [<a h...', 'C:\xampp\htdocs...', 4, Array)
#3 C:\xampp\htdocs\lib\Cake\Core\App.php(902): App::_checkFatalError()
#4 [internal function]: App::shutdown()
#5 {main}
2014-01-18 01:42:20 Error: Fatal Error (1): Class 'OTServStatus' not found in [C:\xampp\htdocs\app\View\Community\teste.ctp, line 4]
2014-01-18 01:42:20 Error: [FatalErrorException] Class 'OTServStatus' not found
Request URL: /community/teste
Stack Trace:
#0 C:\xampp\htdocs\lib\Cake\Error\ErrorHandler.php(203): ErrorHandler::handleFatalError(1, 'Class 'OTServSt...', 'C:\xampp\htdocs...', 4)
#1 [internal function]: ErrorHandler::handleError(1, 'Class 'OTServSt...', 'C:\xampp\htdocs...', 4, Array)
#2 C:\xampp\htdocs\lib\Cake\Core\App.php(929): call_user_func('ErrorHandler::h...', 1, 'Class 'OTServSt...', 'C:\xampp\htdocs...', 4, Array)
#3 C:\xampp\htdocs\lib\Cake\Core\App.php(902): App::_checkFatalError()
#4 [internal function]: App::shutdown()
#5 {main}
2014-01-18 01:43:01 Error: Fatal Error (4): syntax error, unexpected 'class' (T_CLASS), expecting function (T_FUNCTION) in [C:\xampp\htdocs\app\Controller\AppController.php, line 48]
2014-01-18 01:43:01 Error: [FatalErrorException] syntax error, unexpected 'class' (T_CLASS), expecting function (T_FUNCTION)
Request URL: /community/teste
Stack Trace:
#0 C:\xampp\htdocs\lib\Cake\Error\ErrorHandler.php(203): ErrorHandler::handleFatalError(4, 'syntax error, u...', 'C:\xampp\htdocs...', 48)
#1 [internal function]: ErrorHandler::handleError(4, 'syntax error, u...', 'C:\xampp\htdocs...', 48, Array)
#2 C:\xampp\htdocs\lib\Cake\Core\App.php(929): call_user_func('ErrorHandler::h...', 4, 'syntax error, u...', 'C:\xampp\htdocs...', 48, Array)
#3 C:\xampp\htdocs\lib\Cake\Core\App.php(902): App::_checkFatalError()
#4 [internal function]: App::shutdown()
#5 {main}
2014-01-18 01:43:27 Error: Fatal Error (1): Class 'OTServStatus' not found in [C:\xampp\htdocs\app\View\Community\teste.ctp, line 4]
2014-01-18 01:43:27 Error: [FatalErrorException] Class 'OTServStatus' not found
Request URL: /community/teste
Stack Trace:
#0 C:\xampp\htdocs\lib\Cake\Error\ErrorHandler.php(203): ErrorHandler::handleFatalError(1, 'Class 'OTServSt...', 'C:\xampp\htdocs...', 4)
#1 [internal function]: ErrorHandler::handleError(1, 'Class 'OTServSt...', 'C:\xampp\htdocs...', 4, Array)
#2 C:\xampp\htdocs\lib\Cake\Core\App.php(929): call_user_func('ErrorHandler::h...', 1, 'Class 'OTServSt...', 'C:\xampp\htdocs...', 4, Array)
#3 C:\xampp\htdocs\lib\Cake\Core\App.php(902): App::_checkFatalError()
#4 [internal function]: App::shutdown()
#5 {main}
2014-01-18 01:44:21 Error: Fatal Error (1): Class 'OTServStatus' not found in [C:\xampp\htdocs\app\View\Community\teste.ctp, line 4]
2014-01-18 01:44:21 Error: [FatalErrorException] Class 'OTServStatus' not found
Request URL: /community/teste
Stack Trace:
#0 C:\xampp\htdocs\lib\Cake\Error\ErrorHandler.php(203): ErrorHandler::handleFatalError(1, 'Class 'OTServSt...', 'C:\xampp\htdocs...', 4)
#1 [internal function]: ErrorHandler::handleError(1, 'Class 'OTServSt...', 'C:\xampp\htdocs...', 4, Array)
#2 C:\xampp\htdocs\lib\Cake\Core\App.php(929): call_user_func('ErrorHandler::h...', 1, 'Class 'OTServSt...', 'C:\xampp\htdocs...', 4, Array)
#3 C:\xampp\htdocs\lib\Cake\Core\App.php(902): App::_checkFatalError()
#4 [internal function]: App::shutdown()
#5 {main}
2014-01-18 01:44:22 Error: Fatal Error (1): Class 'OTServStatus' not found in [C:\xampp\htdocs\app\View\Community\teste.ctp, line 4]
2014-01-18 01:44:22 Error: [FatalErrorException] Class 'OTServStatus' not found
Request URL: /community/teste
Stack Trace:
#0 C:\xampp\htdocs\lib\Cake\Error\ErrorHandler.php(203): ErrorHandler::handleFatalError(1, 'Class 'OTServSt...', 'C:\xampp\htdocs...', 4)
#1 [internal function]: ErrorHandler::handleError(1, 'Class 'OTServSt...', 'C:\xampp\htdocs...', 4, Array)
#2 C:\xampp\htdocs\lib\Cake\Core\App.php(929): call_user_func('ErrorHandler::h...', 1, 'Class 'OTServSt...', 'C:\xampp\htdocs...', 4, Array)
#3 C:\xampp\htdocs\lib\Cake\Core\App.php(902): App::_checkFatalError()
#4 [internal function]: App::shutdown()
#5 {main}
2014-01-18 01:44:53 Error: Fatal Error (1): Class 'OTServStatus' not found in [C:\xampp\htdocs\app\View\Community\teste.ctp, line 4]
2014-01-18 01:44:53 Error: [FatalErrorException] Class 'OTServStatus' not found
Request URL: /community/teste
Stack Trace:
#0 C:\xampp\htdocs\lib\Cake\Error\ErrorHandler.php(203): ErrorHandler::handleFatalError(1, 'Class 'OTServSt...', 'C:\xampp\htdocs...', 4)
#1 [internal function]: ErrorHandler::handleError(1, 'Class 'OTServSt...', 'C:\xampp\htdocs...', 4, Array)
#2 C:\xampp\htdocs\lib\Cake\Core\App.php(929): call_user_func('ErrorHandler::h...', 1, 'Class 'OTServSt...', 'C:\xampp\htdocs...', 4, Array)
#3 C:\xampp\htdocs\lib\Cake\Core\App.php(902): App::_checkFatalError()
#4 [internal function]: App::shutdown()
#5 {main}
2014-01-18 01:44:55 Error: Fatal Error (1): Class 'OTServStatus' not found in [C:\xampp\htdocs\app\View\Community\teste.ctp, line 4]
2014-01-18 01:44:55 Error: [FatalErrorException] Class 'OTServStatus' not found
Request URL: /community/teste
Stack Trace:
#0 C:\xampp\htdocs\lib\Cake\Error\ErrorHandler.php(203): ErrorHandler::handleFatalError(1, 'Class 'OTServSt...', 'C:\xampp\htdocs...', 4)
#1 [internal function]: ErrorHandler::handleError(1, 'Class 'OTServSt...', 'C:\xampp\htdocs...', 4, Array)
#2 C:\xampp\htdocs\lib\Cake\Core\App.php(929): call_user_func('ErrorHandler::h...', 1, 'Class 'OTServSt...', 'C:\xampp\htdocs...', 4, Array)
#3 C:\xampp\htdocs\lib\Cake\Core\App.php(902): App::_checkFatalError()
#4 [internal function]: App::shutdown()
#5 {main}
2014-01-18 01:55:33 Error: Fatal Error (1): Maximum execution time of 30 seconds exceeded in [C:\xampp\htdocs\app\Controller\AppController.php, line 67]
2014-01-18 01:55:33 Error: [FatalErrorException] Maximum execution time of 30 seconds exceeded
Request URL: /community/teste
Stack Trace:
#0 C:\xampp\htdocs\lib\Cake\Error\ErrorHandler.php(203): ErrorHandler::handleFatalError(1, 'Maximum executi...', 'C:\xampp\htdocs...', 67)
#1 [internal function]: ErrorHandler::handleError(1, 'Maximum executi...', 'C:\xampp\htdocs...', 67, Array)
#2 C:\xampp\htdocs\lib\Cake\Core\App.php(929): call_user_func('ErrorHandler::h...', 1, 'Maximum executi...', 'C:\xampp\htdocs...', 67, Array)
#3 C:\xampp\htdocs\lib\Cake\Core\App.php(902): App::_checkFatalError()
#4 [internal function]: App::shutdown()
#5 {main}
2014-01-18 01:58:59 Error: Fatal Error (64): Cannot use [] for reading in [C:\xampp\htdocs\app\Controller\AppController.php, line 95]
2014-01-18 01:58:59 Error: [FatalErrorException] Cannot use [] for reading
Request URL: /community/teste
Stack Trace:
#0 C:\xampp\htdocs\lib\Cake\Error\ErrorHandler.php(203): ErrorHandler::handleFatalError(64, 'Cannot use [] f...', 'C:\xampp\htdocs...', 95)
#1 [internal function]: ErrorHandler::handleError(64, 'Cannot use [] f...', 'C:\xampp\htdocs...', 95, Array)
#2 C:\xampp\htdocs\lib\Cake\Core\App.php(929): call_user_func('ErrorHandler::h...', 64, 'Cannot use [] f...', 'C:\xampp\htdocs...', 95, Array)
#3 C:\xampp\htdocs\lib\Cake\Core\App.php(902): App::_checkFatalError()
#4 [internal function]: App::shutdown()
#5 {main}
2014-01-18 18:03:10 Error: [MissingActionException] Action CommunityController::characters() could not be found.
Exception Attributes: array (
  'controller' => 'CommunityController',
  'action' => 'characters',
)
Request URL: /community/characters
Stack Trace:
#0 C:\xampp\htdocs\lib\Cake\Routing\Dispatcher.php(185): Controller->invokeAction(Object(CakeRequest))
#1 C:\xampp\htdocs\lib\Cake\Routing\Dispatcher.php(160): Dispatcher->_invoke(Object(CommunityController), Object(CakeRequest), Object(CakeResponse))
#2 C:\xampp\htdocs\app\webroot\index.php(108): Dispatcher->dispatch(Object(CakeRequest), Object(CakeResponse))
#3 {main}
2014-01-24 00:50:45 Error: [MissingConnectionException] Database connection "Mysql" is missing, or could not be created.
Exception Attributes: array (
  'class' => 'Mysql',
  'message' => 'SQLSTATE[28000] [1045] Access denied for user \'root\'@\'localhost\' (using password: NO)',
  'enabled' => true,
)
Request URL: /
Stack Trace:
#0 /home/argoscoc/public_html/harveu/lib/Cake/Model/Datasource/DboSource.php(260): Mysql->connect()
#1 /home/argoscoc/public_html/harveu/lib/Cake/Model/ConnectionManager.php(105): DboSource->__construct(Array)
#2 /home/argoscoc/public_html/harveu/lib/Cake/Model/Model.php(3474): ConnectionManager::getDataSource('default')
#3 /home/argoscoc/public_html/harveu/lib/Cake/Model/Model.php(1126): Model->setDataSource('default')
#4 /home/argoscoc/public_html/harveu/lib/Cake/Model/Model.php(3496): Model->setSource('posts')
#5 /home/argoscoc/public_html/harveu/lib/Cake/Model/Model.php(2900): Model->getDataSource()
#6 /home/argoscoc/public_html/harveu/lib/Cake/Model/Model.php(2872): Model->_readDataSource('all', Array)
#7 /home/argoscoc/public_html/harveu/app/Controller/PostsController.php(21): Model->find('all', Array)
#8 [internal function]: PostsController->index()
#9 /home/argoscoc/public_html/harveu/lib/Cake/Controller/Controller.php(490): ReflectionMethod->invokeArgs(Object(PostsController), Array)
#10 /home/argoscoc/public_html/harveu/lib/Cake/Routing/Dispatcher.php(185): Controller->invokeAction(Object(CakeRequest))
#11 /home/argoscoc/public_html/harveu/lib/Cake/Routing/Dispatcher.php(160): Dispatcher->_invoke(Object(PostsController), Object(CakeRequest), Object(CakeResponse))
#12 /home/argoscoc/public_html/harveu/app/webroot/index.php(108): Dispatcher->dispatch(Object(CakeRequest), Object(CakeResponse))
#13 {main}
2014-01-24 00:54:29 Error: [MissingConnectionException] Database connection "Mysql" is missing, or could not be created.
Exception Attributes: array (
  'class' => 'Mysql',
  'message' => 'SQLSTATE[28000] [1045] Access denied for user \'root\'@\'localhost\' (using password: NO)',
  'enabled' => true,
)
Request URL: /
Stack Trace:
#0 /home/argoscoc/public_html/harveu/lib/Cake/Model/Datasource/DboSource.php(260): Mysql->connect()
#1 /home/argoscoc/public_html/harveu/lib/Cake/Model/ConnectionManager.php(105): DboSource->__construct(Array)
#2 /home/argoscoc/public_html/harveu/lib/Cake/Model/Model.php(3474): ConnectionManager::getDataSource('default')
#3 /home/argoscoc/public_html/harveu/lib/Cake/Model/Model.php(1126): Model->setDataSource('default')
#4 /home/argoscoc/public_html/harveu/lib/Cake/Model/Model.php(3496): Model->setSource('posts')
#5 /home/argoscoc/public_html/harveu/lib/Cake/Model/Model.php(2900): Model->getDataSource()
#6 /home/argoscoc/public_html/harveu/lib/Cake/Model/Model.php(2872): Model->_readDataSource('all', Array)
#7 /home/argoscoc/public_html/harveu/app/Controller/PostsController.php(21): Model->find('all', Array)
#8 [internal function]: PostsController->index()
#9 /home/argoscoc/public_html/harveu/lib/Cake/Controller/Controller.php(490): ReflectionMethod->invokeArgs(Object(PostsController), Array)
#10 /home/argoscoc/public_html/harveu/lib/Cake/Routing/Dispatcher.php(185): Controller->invokeAction(Object(CakeRequest))
#11 /home/argoscoc/public_html/harveu/lib/Cake/Routing/Dispatcher.php(160): Dispatcher->_invoke(Object(PostsController), Object(CakeRequest), Object(CakeResponse))
#12 /home/argoscoc/public_html/harveu/app/webroot/index.php(108): Dispatcher->dispatch(Object(CakeRequest), Object(CakeResponse))
#13 {main}
2014-01-24 01:25:59 Error: [MissingControllerException] Controller class Robots.txtController could not be found.
Exception Attributes: array (
  'class' => 'Robots.txtController',
  'plugin' => NULL,
)
Request URL: /robots.txt
Stack Trace:
#0 /home/argoscoc/public_html/harveu/app/webroot/index.php(108): Dispatcher->dispatch(Object(CakeRequest), Object(CakeResponse))
#1 {main}
2014-01-24 01:26:01 Error: [MissingControllerException] Controller class Robots.txtController could not be found.
Exception Attributes: array (
  'class' => 'Robots.txtController',
  'plugin' => NULL,
)
Request URL: /robots.txt
Stack Trace:
#0 /home/argoscoc/public_html/harveu/app/webroot/index.php(108): Dispatcher->dispatch(Object(CakeRequest), Object(CakeResponse))
#1 {main}
2014-01-24 02:28:24 Error: [MissingControllerException] Controller class Robots.txtController could not be found.
Exception Attributes: array (
  'class' => 'Robots.txtController',
  'plugin' => NULL,
)
Request URL: /robots.txt
Stack Trace:
#0 /home/argoscoc/public_html/harveu/app/webroot/index.php(108): Dispatcher->dispatch(Object(CakeRequest), Object(CakeResponse))
#1 {main}
2014-01-24 19:12:27 Error: [MissingControllerException] Controller class Robots.txtController could not be found.
Exception Attributes: array (
  'class' => 'Robots.txtController',
  'plugin' => NULL,
)
Request URL: /robots.txt
Stack Trace:
#0 /home/argoscoc/public_html/harveu/app/webroot/index.php(108): Dispatcher->dispatch(Object(CakeRequest), Object(CakeResponse))
#1 {main}
2014-01-27 19:12:29 Error: [MissingControllerException] Controller class Robots.txtController could not be found.
Exception Attributes: array (
  'class' => 'Robots.txtController',
  'plugin' => NULL,
)
Request URL: /robots.txt
Stack Trace:
#0 /home/argoscoc/public_html/harveu/app/webroot/index.php(108): Dispatcher->dispatch(Object(CakeRequest), Object(CakeResponse))
#1 {main}
2014-01-28 18:24:01 Error: [MissingConnectionException] Database connection "Mysql" is missing, or could not be created.
Exception Attributes: array (
  'class' => 'Mysql',
  'message' => 'SQLSTATE[HY000] [1045] Access denied for user \'argoscoc_harveu\'@\'localhost\' (using password: YES)',
  'enabled' => true,
)
Request URL: /
Stack Trace:
#0 C:\xampp\htdocs\lib\Cake\Model\Datasource\DboSource.php(260): Mysql->connect()
#1 C:\xampp\htdocs\lib\Cake\Model\ConnectionManager.php(105): DboSource->__construct(Array)
#2 C:\xampp\htdocs\lib\Cake\Model\Model.php(3474): ConnectionManager::getDataSource('default')
#3 C:\xampp\htdocs\lib\Cake\Model\Model.php(1126): Model->setDataSource('default')
#4 C:\xampp\htdocs\lib\Cake\Model\Model.php(3496): Model->setSource('posts')
#5 C:\xampp\htdocs\lib\Cake\Model\Model.php(2900): Model->getDataSource()
#6 C:\xampp\htdocs\lib\Cake\Model\Model.php(2872): Model->_readDataSource('all', Array)
#7 C:\xampp\htdocs\app\Controller\PostsController.php(21): Model->find('all', Array)
#8 [internal function]: PostsController->index()
#9 C:\xampp\htdocs\lib\Cake\Controller\Controller.php(490): ReflectionMethod->invokeArgs(Object(PostsController), Array)
#10 C:\xampp\htdocs\lib\Cake\Routing\Dispatcher.php(185): Controller->invokeAction(Object(CakeRequest))
#11 C:\xampp\htdocs\lib\Cake\Routing\Dispatcher.php(160): Dispatcher->_invoke(Object(PostsController), Object(CakeRequest), Object(CakeResponse))
#12 C:\xampp\htdocs\app\webroot\index.php(108): Dispatcher->dispatch(Object(CakeRequest), Object(CakeResponse))
#13 {main}
2014-01-28 19:15:18 Error: [MissingViewException] View file "C:\xampp\htdocs\app\View\Pages\credits.ctp" is missing.
Exception Attributes: array (
  'file' => 'C:\\xampp\\htdocs\\app\\View\\Pages\\credits.ctp',
)
Request URL: /pages/credits
Stack Trace:
#0 C:\xampp\htdocs\lib\Cake\View\View.php(457): View->_getViewFileName('credits')
#1 C:\xampp\htdocs\lib\Cake\Controller\Controller.php(952): View->render('credits', NULL)
#2 C:\xampp\htdocs\app\Controller\PagesController.php(69): Controller->render('credits')
#3 [internal function]: PagesController->display('credits')
#4 C:\xampp\htdocs\lib\Cake\Controller\Controller.php(490): ReflectionMethod->invokeArgs(Object(PagesController), Array)
#5 C:\xampp\htdocs\lib\Cake\Routing\Dispatcher.php(185): Controller->invokeAction(Object(CakeRequest))
#6 C:\xampp\htdocs\lib\Cake\Routing\Dispatcher.php(160): Dispatcher->_invoke(Object(PagesController), Object(CakeRequest), Object(CakeResponse))
#7 C:\xampp\htdocs\app\webroot\index.php(108): Dispatcher->dispatch(Object(CakeRequest), Object(CakeResponse))
#8 {main}
2014-01-28 20:38:14 Error: [MissingTableException] Table users for model User was not found in datasource default.
Exception Attributes: array (
  'table' => 'users',
  'class' => 'User',
  'ds' => 'default',
)
Request URL: /users/login
Stack Trace:
#0 C:\xampp\htdocs\lib\Cake\Model\Model.php(3498): Model->setSource('users')
#1 C:\xampp\htdocs\lib\Cake\Model\Model.php(1355): Model->getDataSource()
#2 C:\xampp\htdocs\lib\Cake\View\Helper\FormHelper.php(207): Model->schema()
#3 C:\xampp\htdocs\lib\Cake\View\Helper\FormHelper.php(459): FormHelper->_introspectModel('User', 'fields')
#4 C:\xampp\htdocs\app\View\Users\login.ctp(5): FormHelper->create('User', Array)
#5 C:\xampp\htdocs\lib\Cake\View\View.php(929): include('C:\xampp\htdocs...')
#6 C:\xampp\htdocs\lib\Cake\View\View.php(891): View->_evaluate('C:\xampp\htdocs...', Array)
#7 C:\xampp\htdocs\lib\Cake\View\View.php(460): View->_render('C:\xampp\htdocs...')
#8 C:\xampp\htdocs\lib\Cake\Controller\Controller.php(952): View->render(NULL, NULL)
#9 C:\xampp\htdocs\lib\Cake\Routing\Dispatcher.php(192): Controller->render()
#10 C:\xampp\htdocs\lib\Cake\Routing\Dispatcher.php(160): Dispatcher->_invoke(Object(UsersController), Object(CakeRequest), Object(CakeResponse))
#11 C:\xampp\htdocs\app\webroot\index.php(108): Dispatcher->dispatch(Object(CakeRequest), Object(CakeResponse))
#12 {main}
2014-01-28 20:53:10 Error: [MissingComponentException] Component class MswiComponent could not be found.
Exception Attributes: array (
  'class' => 'MswiComponent',
  'plugin' => false,
)
Request URL: /roles
Stack Trace:
#0 C:\xampp\htdocs\lib\Cake\Controller\ComponentCollection.php(53): ComponentCollection->load('Mswi', Array)
#1 C:\xampp\htdocs\lib\Cake\Controller\Controller.php(643): ComponentCollection->init(Object(RolesController))
#2 C:\xampp\htdocs\lib\Cake\Routing\Dispatcher.php(181): Controller->constructClasses()
#3 C:\xampp\htdocs\lib\Cake\Routing\Dispatcher.php(160): Dispatcher->_invoke(Object(RolesController), Object(CakeRequest), Object(CakeResponse))
#4 C:\xampp\htdocs\app\webroot\index.php(108): Dispatcher->dispatch(Object(CakeRequest), Object(CakeResponse))
#5 {main}
2014-01-28 20:53:16 Error: [MissingComponentException] Component class MswiComponent could not be found.
Exception Attributes: array (
  'class' => 'MswiComponent',
  'plugin' => false,
)
Request URL: /roles/consultar
Stack Trace:
#0 C:\xampp\htdocs\lib\Cake\Controller\ComponentCollection.php(53): ComponentCollection->load('Mswi', Array)
#1 C:\xampp\htdocs\lib\Cake\Controller\Controller.php(643): ComponentCollection->init(Object(RolesController))
#2 C:\xampp\htdocs\lib\Cake\Routing\Dispatcher.php(181): Controller->constructClasses()
#3 C:\xampp\htdocs\lib\Cake\Routing\Dispatcher.php(160): Dispatcher->_invoke(Object(RolesController), Object(CakeRequest), Object(CakeResponse))
#4 C:\xampp\htdocs\app\webroot\index.php(108): Dispatcher->dispatch(Object(CakeRequest), Object(CakeResponse))
#5 {main}
2014-01-29 17:28:00 Error: [MissingTableException] Table aros for model Aro was not found in datasource default.
Exception Attributes: array (
  'table' => 'aros',
  'class' => 'Aro',
  'ds' => 'default',
)
Request URL: /admin/add_role
Stack Trace:
#0 C:\xampp\htdocs\lib\Cake\Model\Model.php(3498): Model->setSource('aros')
#1 C:\xampp\htdocs\lib\Cake\Model\Model.php(1355): Model->getDataSource()
#2 C:\xampp\htdocs\lib\Cake\Model\Model.php(1539): Model->schema()
#3 C:\xampp\htdocs\lib\Cake\Model\Behavior\AclBehavior.php(120): Model->create()
#4 [internal function]: AclBehavior->afterSave(Object(Role), true, Array)
#5 C:\xampp\htdocs\lib\Cake\Utility\ObjectCollection.php(132): call_user_func_array(Array, Array)
#6 [internal function]: ObjectCollection->trigger(Object(CakeEvent))
#7 C:\xampp\htdocs\lib\Cake\Event\CakeEventManager.php(247): call_user_func(Array, Object(CakeEvent))
#8 C:\xampp\htdocs\lib\Cake\Model\Model.php(1861): CakeEventManager->dispatch(Object(CakeEvent))
#9 C:\xampp\htdocs\app\Controller\AdminController.php(43): Model->save(Array)
#10 [internal function]: AdminController->add_role()
#11 C:\xampp\htdocs\lib\Cake\Controller\Controller.php(490): ReflectionMethod->invokeArgs(Object(AdminController), Array)
#12 C:\xampp\htdocs\lib\Cake\Routing\Dispatcher.php(185): Controller->invokeAction(Object(CakeRequest))
#13 C:\xampp\htdocs\lib\Cake\Routing\Dispatcher.php(160): Dispatcher->_invoke(Object(AdminController), Object(CakeRequest), Object(CakeResponse))
#14 C:\xampp\htdocs\app\webroot\index.php(108): Dispatcher->dispatch(Object(CakeRequest), Object(CakeResponse))
#15 {main}
2014-01-29 18:07:31 Error: [PDOException] SQLSTATE[23000]: Integrity constraint violation: 1062 Duplicate entry '0' for key 'PRIMARY'
Request URL: /admin/add_role
Stack Trace:
#0 C:\xampp\htdocs\lib\Cake\Model\Datasource\DboSource.php(458): PDOStatement->execute(Array)
#1 C:\xampp\htdocs\lib\Cake\Model\Datasource\DboSource.php(424): DboSource->_execute('INSERT INTO `ha...', Array)
#2 C:\xampp\htdocs\lib\Cake\Model\Datasource\DboSource.php(1004): DboSource->execute('INSERT INTO `ha...')
#3 C:\xampp\htdocs\lib\Cake\Model\Model.php(1832): DboSource->create(Object(Role), Array, Array)
#4 C:\xampp\htdocs\app\Controller\AdminController.php(43): Model->save(Array)
#5 [internal function]: AdminController->add_role()
#6 C:\xampp\htdocs\lib\Cake\Controller\Controller.php(490): ReflectionMethod->invokeArgs(Object(AdminController), Array)
#7 C:\xampp\htdocs\lib\Cake\Routing\Dispatcher.php(185): Controller->invokeAction(Object(CakeRequest))
#8 C:\xampp\htdocs\lib\Cake\Routing\Dispatcher.php(160): Dispatcher->_invoke(Object(AdminController), Object(CakeRequest), Object(CakeResponse))
#9 C:\xampp\htdocs\app\webroot\index.php(108): Dispatcher->dispatch(Object(CakeRequest), Object(CakeResponse))
#10 {main}
2014-01-29 18:40:23 Error: Fatal Error (1): Class 'SimplePasswordHasher' not found in [C:\xampp\htdocs\app\Model\User.php, line 131]
2014-01-29 18:40:23 Error: [FatalErrorException] Class 'SimplePasswordHasher' not found
Request URL: /users/register
Stack Trace:
#0 C:\xampp\htdocs\lib\Cake\Error\ErrorHandler.php(203): ErrorHandler::handleFatalError(1, 'Class 'SimplePa...', 'C:\xampp\htdocs...', 131)
#1 [internal function]: ErrorHandler::handleError(1, 'Class 'SimplePa...', 'C:\xampp\htdocs...', 131, Array)
#2 C:\xampp\htdocs\lib\Cake\Core\App.php(929): call_user_func('ErrorHandler::h...', 1, 'Class 'SimplePa...', 'C:\xampp\htdocs...', 131, Array)
#3 C:\xampp\htdocs\lib\Cake\Core\App.php(902): App::_checkFatalError()
#4 [internal function]: App::shutdown()
#5 {main}
2014-03-02 01:10:10 Error: [MissingConnectionException] Database connection "Mysql" is missing, or could not be created.
Exception Attributes: array (
  'class' => 'Mysql',
  'message' => 'SQLSTATE[HY000] [1049] Unknown database \'harveu\'',
  'enabled' => true,
)
Request URL: /Harveu-AAC/
Stack Trace:
#0 C:\xampp\htdocs\Harveu-AAC\lib\Cake\Model\Datasource\DboSource.php(260): Mysql->connect()
#1 C:\xampp\htdocs\Harveu-AAC\lib\Cake\Model\ConnectionManager.php(105): DboSource->__construct(Array)
#2 C:\xampp\htdocs\Harveu-AAC\lib\Cake\Model\Model.php(3476): ConnectionManager::getDataSource('default')
#3 C:\xampp\htdocs\Harveu-AAC\lib\Cake\Model\Model.php(1126): Model->setDataSource('default')
#4 C:\xampp\htdocs\Harveu-AAC\lib\Cake\Model\Model.php(3498): Model->setSource('posts')
#5 C:\xampp\htdocs\Harveu-AAC\lib\Cake\Model\Model.php(2902): Model->getDataSource()
#6 C:\xampp\htdocs\Harveu-AAC\lib\Cake\Model\Model.php(2874): Model->_readDataSource('all', Array)
#7 C:\xampp\htdocs\Harveu-AAC\app\Controller\PostsController.php(21): Model->find('all', Array)
#8 [internal function]: PostsController->index()
#9 C:\xampp\htdocs\Harveu-AAC\lib\Cake\Controller\Controller.php(490): ReflectionMethod->invokeArgs(Object(PostsController), Array)
#10 C:\xampp\htdocs\Harveu-AAC\lib\Cake\Routing\Dispatcher.php(185): Controller->invokeAction(Object(CakeRequest))
#11 C:\xampp\htdocs\Harveu-AAC\lib\Cake\Routing\Dispatcher.php(160): Dispatcher->_invoke(Object(PostsController), Object(CakeRequest), Object(CakeResponse))
#12 C:\xampp\htdocs\Harveu-AAC\app\webroot\index.php(108): Dispatcher->dispatch(Object(CakeRequest), Object(CakeResponse))
#13 {main}
2014-03-02 01:12:31 Error: [MissingTableException] Table posts for model Post was not found in datasource default.
Exception Attributes: array (
  'table' => 'posts',
  'class' => 'Post',
  'ds' => 'default',
)
Request URL: /Harveu-AAC/
Stack Trace:
#0 C:\xampp\htdocs\Harveu-AAC\lib\Cake\Model\Model.php(3498): Model->setSource('posts')
#1 C:\xampp\htdocs\Harveu-AAC\lib\Cake\Model\Model.php(2902): Model->getDataSource()
#2 C:\xampp\htdocs\Harveu-AAC\lib\Cake\Model\Model.php(2874): Model->_readDataSource('all', Array)
#3 C:\xampp\htdocs\Harveu-AAC\app\Controller\PostsController.php(21): Model->find('all', Array)
#4 [internal function]: PostsController->index()
#5 C:\xampp\htdocs\Harveu-AAC\lib\Cake\Controller\Controller.php(490): ReflectionMethod->invokeArgs(Object(PostsController), Array)
#6 C:\xampp\htdocs\Harveu-AAC\lib\Cake\Routing\Dispatcher.php(185): Controller->invokeAction(Object(CakeRequest))
#7 C:\xampp\htdocs\Harveu-AAC\lib\Cake\Routing\Dispatcher.php(160): Dispatcher->_invoke(Object(PostsController), Object(CakeRequest), Object(CakeResponse))
#8 C:\xampp\htdocs\Harveu-AAC\app\webroot\index.php(108): Dispatcher->dispatch(Object(CakeRequest), Object(CakeResponse))
#9 {main}
2014-03-02 01:57:48 Error: [MissingActionException] Action AppController::webroot() could not be found.
Exception Attributes: array (
  'controller' => 'AppController',
  'action' => 'webroot',
)
Request URL: /Harveu-AAC/app/webroot/
Stack Trace:
#0 C:\xampp\htdocs\Harveu-AAC\lib\Cake\Routing\Dispatcher.php(185): Controller->invokeAction(Object(CakeRequest))
#1 C:\xampp\htdocs\Harveu-AAC\lib\Cake\Routing\Dispatcher.php(160): Dispatcher->_invoke(Object(AppController), Object(CakeRequest), Object(CakeResponse))
#2 C:\xampp\htdocs\Harveu-AAC\app\webroot\index.php(108): Dispatcher->dispatch(Object(CakeRequest), Object(CakeResponse))
#3 {main}
2014-04-14 17:07:46 Error: [MissingConnectionException] Database connection "Mysql" is missing, or could not be created.
Exception Attributes: array (
  'class' => 'Mysql',
  'message' => 'SQLSTATE[HY000] [1049] Unknown database \'harveu\'',
  'enabled' => true,
)
Request URL: /Harveu-AAC/
Stack Trace:
#0 C:\xampp\htdocs\Harveu-AAC\lib\Cake\Model\Datasource\DboSource.php(260): Mysql->connect()
#1 C:\xampp\htdocs\Harveu-AAC\lib\Cake\Model\ConnectionManager.php(105): DboSource->__construct(Array)
#2 C:\xampp\htdocs\Harveu-AAC\lib\Cake\Model\Model.php(3476): ConnectionManager::getDataSource('default')
#3 C:\xampp\htdocs\Harveu-AAC\lib\Cake\Model\Model.php(1126): Model->setDataSource('default')
#4 C:\xampp\htdocs\Harveu-AAC\lib\Cake\Model\Model.php(3498): Model->setSource('posts')
#5 C:\xampp\htdocs\Harveu-AAC\lib\Cake\Model\Model.php(2902): Model->getDataSource()
#6 C:\xampp\htdocs\Harveu-AAC\lib\Cake\Model\Model.php(2874): Model->_readDataSource('all', Array)
#7 C:\xampp\htdocs\Harveu-AAC\app\Controller\PostsController.php(21): Model->find('all', Array)
#8 [internal function]: PostsController->index()
#9 C:\xampp\htdocs\Harveu-AAC\lib\Cake\Controller\Controller.php(490): ReflectionMethod->invokeArgs(Object(PostsController), Array)
#10 C:\xampp\htdocs\Harveu-AAC\lib\Cake\Routing\Dispatcher.php(185): Controller->invokeAction(Object(CakeRequest))
#11 C:\xampp\htdocs\Harveu-AAC\lib\Cake\Routing\Dispatcher.php(160): Dispatcher->_invoke(Object(PostsController), Object(CakeRequest), Object(CakeResponse))
#12 C:\xampp\htdocs\Harveu-AAC\app\webroot\index.php(108): Dispatcher->dispatch(Object(CakeRequest), Object(CakeResponse))
#13 {main}
2014-04-14 17:10:54 Error: [MissingTableException] Table posts for model Post was not found in datasource default.
Exception Attributes: array (
  'table' => 'posts',
  'class' => 'Post',
  'ds' => 'default',
)
Request URL: /Harveu-AAC/
Stack Trace:
#0 C:\xampp\htdocs\Harveu-AAC\lib\Cake\Model\Model.php(3498): Model->setSource('posts')
#1 C:\xampp\htdocs\Harveu-AAC\lib\Cake\Model\Model.php(2902): Model->getDataSource()
#2 C:\xampp\htdocs\Harveu-AAC\lib\Cake\Model\Model.php(2874): Model->_readDataSource('all', Array)
#3 C:\xampp\htdocs\Harveu-AAC\app\Controller\PostsController.php(21): Model->find('all', Array)
#4 [internal function]: PostsController->index()
#5 C:\xampp\htdocs\Harveu-AAC\lib\Cake\Controller\Controller.php(490): ReflectionMethod->invokeArgs(Object(PostsController), Array)
#6 C:\xampp\htdocs\Harveu-AAC\lib\Cake\Routing\Dispatcher.php(185): Controller->invokeAction(Object(CakeRequest))
#7 C:\xampp\htdocs\Harveu-AAC\lib\Cake\Routing\Dispatcher.php(160): Dispatcher->_invoke(Object(PostsController), Object(CakeRequest), Object(CakeResponse))
#8 C:\xampp\htdocs\Harveu-AAC\app\webroot\index.php(108): Dispatcher->dispatch(Object(CakeRequest), Object(CakeResponse))
#9 {main}
2014-04-14 17:22:16 Error: [MissingActionException] Action AdminController::admin() could not be found.
Exception Attributes: array (
  'controller' => 'AdminController',
  'action' => 'admin',
)
Request URL: /Harveu-AAC/admin/admin/add_post
Stack Trace:
#0 C:\xampp\htdocs\Harveu-AAC\lib\Cake\Routing\Dispatcher.php(185): Controller->invokeAction(Object(CakeRequest))
#1 C:\xampp\htdocs\Harveu-AAC\lib\Cake\Routing\Dispatcher.php(160): Dispatcher->_invoke(Object(AdminController), Object(CakeRequest), Object(CakeResponse))
#2 C:\xampp\htdocs\Harveu-AAC\app\webroot\index.php(108): Dispatcher->dispatch(Object(CakeRequest), Object(CakeResponse))
#3 {main}
2014-04-14 17:22:22 Error: [MissingActionException] Action AdminController::admin() could not be found.
Exception Attributes: array (
  'controller' => 'AdminController',
  'action' => 'admin',
)
Request URL: /Harveu-AAC/admin/admin/add_post
Stack Trace:
#0 C:\xampp\htdocs\Harveu-AAC\lib\Cake\Routing\Dispatcher.php(185): Controller->invokeAction(Object(CakeRequest))
#1 C:\xampp\htdocs\Harveu-AAC\lib\Cake\Routing\Dispatcher.php(160): Dispatcher->_invoke(Object(AdminController), Object(CakeRequest), Object(CakeResponse))
#2 C:\xampp\htdocs\Harveu-AAC\app\webroot\index.php(108): Dispatcher->dispatch(Object(CakeRequest), Object(CakeResponse))
#3 {main}
2014-04-14 17:22:30 Error: [MissingActionException] Action AdminController::admin() could not be found.
Exception Attributes: array (
  'controller' => 'AdminController',
  'action' => 'admin',
)
Request URL: /Harveu-AAC/admin/admin/add_post
Stack Trace:
#0 C:\xampp\htdocs\Harveu-AAC\lib\Cake\Routing\Dispatcher.php(185): Controller->invokeAction(Object(CakeRequest))
#1 C:\xampp\htdocs\Harveu-AAC\lib\Cake\Routing\Dispatcher.php(160): Dispatcher->_invoke(Object(AdminController), Object(CakeRequest), Object(CakeResponse))
#2 C:\xampp\htdocs\Harveu-AAC\app\webroot\index.php(108): Dispatcher->dispatch(Object(CakeRequest), Object(CakeResponse))
#3 {main}
2014-04-14 17:27:47 Error: [MissingActionException] Action CommunityController::characterscommunity() could not be found.
Exception Attributes: array (
  'controller' => 'CommunityController',
  'action' => 'characterscommunity',
)
Request URL: /Harveu-AAC/community/characterscommunity/highscores
Stack Trace:
#0 C:\xampp\htdocs\Harveu-AAC\lib\Cake\Routing\Dispatcher.php(185): Controller->invokeAction(Object(CakeRequest))
#1 C:\xampp\htdocs\Harveu-AAC\lib\Cake\Routing\Dispatcher.php(160): Dispatcher->_invoke(Object(CommunityController), Object(CakeRequest), Object(CakeResponse))
#2 C:\xampp\htdocs\Harveu-AAC\app\webroot\index.php(108): Dispatcher->dispatch(Object(CakeRequest), Object(CakeResponse))
#3 {main}
2014-04-14 17:27:58 Error: [MissingActionException] Action CommunityController::characterscommunity() could not be found.
Exception Attributes: array (
  'controller' => 'CommunityController',
  'action' => 'characterscommunity',
)
Request URL: /Harveu-AAC/community/characterscommunity/highscores
Stack Trace:
#0 C:\xampp\htdocs\Harveu-AAC\lib\Cake\Routing\Dispatcher.php(185): Controller->invokeAction(Object(CakeRequest))
#1 C:\xampp\htdocs\Harveu-AAC\lib\Cake\Routing\Dispatcher.php(160): Dispatcher->_invoke(Object(CommunityController), Object(CakeRequest), Object(CakeResponse))
#2 C:\xampp\htdocs\Harveu-AAC\app\webroot\index.php(108): Dispatcher->dispatch(Object(CakeRequest), Object(CakeResponse))
#3 {main}
2014-04-14 17:28:00 Error: [MissingActionException] Action CommunityController::characterscommunity() could not be found.
Exception Attributes: array (
  'controller' => 'CommunityController',
  'action' => 'characterscommunity',
)
Request URL: /Harveu-AAC/community/characterscommunity/highscores
Stack Trace:
#0 C:\xampp\htdocs\Harveu-AAC\lib\Cake\Routing\Dispatcher.php(185): Controller->invokeAction(Object(CakeRequest))
#1 C:\xampp\htdocs\Harveu-AAC\lib\Cake\Routing\Dispatcher.php(160): Dispatcher->_invoke(Object(CommunityController), Object(CakeRequest), Object(CakeResponse))
#2 C:\xampp\htdocs\Harveu-AAC\app\webroot\index.php(108): Dispatcher->dispatch(Object(CakeRequest), Object(CakeResponse))
#3 {main}
2014-04-14 17:28:02 Error: [MissingActionException] Action CommunityController::characterscommunity() could not be found.
Exception Attributes: array (
  'controller' => 'CommunityController',
  'action' => 'characterscommunity',
)
Request URL: /Harveu-AAC/community/characterscommunity/highscores
Stack Trace:
#0 C:\xampp\htdocs\Harveu-AAC\lib\Cake\Routing\Dispatcher.php(185): Controller->invokeAction(Object(CakeRequest))
#1 C:\xampp\htdocs\Harveu-AAC\lib\Cake\Routing\Dispatcher.php(160): Dispatcher->_invoke(Object(CommunityController), Object(CakeRequest), Object(CakeResponse))
#2 C:\xampp\htdocs\Harveu-AAC\app\webroot\index.php(108): Dispatcher->dispatch(Object(CakeRequest), Object(CakeResponse))
#3 {main}
2014-04-14 17:47:31 Error: [MissingActionException] Action AppController::webroot() could not be found.
Exception Attributes: array (
  'controller' => 'AppController',
  'action' => 'webroot',
)
Request URL: /Harveu-AAC/app/webroot/
Stack Trace:
#0 C:\xampp\htdocs\Harveu-AAC\lib\Cake\Routing\Dispatcher.php(185): Controller->invokeAction(Object(CakeRequest))
#1 C:\xampp\htdocs\Harveu-AAC\lib\Cake\Routing\Dispatcher.php(160): Dispatcher->_invoke(Object(AppController), Object(CakeRequest), Object(CakeResponse))
#2 C:\xampp\htdocs\Harveu-AAC\app\webroot\index.php(108): Dispatcher->dispatch(Object(CakeRequest), Object(CakeResponse))
#3 {main}
2014-04-14 17:47:45 Error: [MissingActionException] Action AppController::webroot() could not be found.
Exception Attributes: array (
  'controller' => 'AppController',
  'action' => 'webroot',
)
Request URL: /Harveu-AAC/app/webroot/
Stack Trace:
#0 C:\xampp\htdocs\Harveu-AAC\lib\Cake\Routing\Dispatcher.php(185): Controller->invokeAction(Object(CakeRequest))
#1 C:\xampp\htdocs\Harveu-AAC\lib\Cake\Routing\Dispatcher.php(160): Dispatcher->_invoke(Object(AppController), Object(CakeRequest), Object(CakeResponse))
#2 C:\xampp\htdocs\Harveu-AAC\app\webroot\index.php(108): Dispatcher->dispatch(Object(CakeRequest), Object(CakeResponse))
#3 {main}
2014-04-14 17:54:13 Error: [MissingActionException] Action CommunityController::guildscommunity() could not be found.
Exception Attributes: array (
  'controller' => 'CommunityController',
  'action' => 'guildscommunity',
)
Request URL: /Harveu-AAC/community/guildscommunity/guild_war
Stack Trace:
#0 C:\xampp\htdocs\Harveu-AAC\lib\Cake\Routing\Dispatcher.php(185): Controller->invokeAction(Object(CakeRequest))
#1 C:\xampp\htdocs\Harveu-AAC\lib\Cake\Routing\Dispatcher.php(160): Dispatcher->_invoke(Object(CommunityController), Object(CakeRequest), Object(CakeResponse))
#2 C:\xampp\htdocs\Harveu-AAC\app\webroot\index.php(108): Dispatcher->dispatch(Object(CakeRequest), Object(CakeResponse))
#3 {main}
2014-04-14 17:54:19 Error: [MissingActionException] Action CommunityController::guildscommunity() could not be found.
Exception Attributes: array (
  'controller' => 'CommunityController',
  'action' => 'guildscommunity',
)
Request URL: /Harveu-AAC/community/guildscommunity/guild_war
Stack Trace:
#0 C:\xampp\htdocs\Harveu-AAC\lib\Cake\Routing\Dispatcher.php(185): Controller->invokeAction(Object(CakeRequest))
#1 C:\xampp\htdocs\Harveu-AAC\lib\Cake\Routing\Dispatcher.php(160): Dispatcher->_invoke(Object(CommunityController), Object(CakeRequest), Object(CakeResponse))
#2 C:\xampp\htdocs\Harveu-AAC\app\webroot\index.php(108): Dispatcher->dispatch(Object(CakeRequest), Object(CakeResponse))
#3 {main}
2014-04-14 20:08:40 Error: [MissingControllerException] Controller class UsersController could not be found.
Exception Attributes: array (
  'class' => 'UsersController',
  'plugin' => NULL,
)
Request URL: /Harveu-AAC/users/login
Stack Trace:
#0 C:\xampp\htdocs\Harveu-AAC\app\webroot\index.php(108): Dispatcher->dispatch(Object(CakeRequest), Object(CakeResponse))
#1 {main}
2014-04-14 20:08:42 Error: [MissingControllerException] Controller class UsersController could not be found.
Exception Attributes: array (
  'class' => 'UsersController',
  'plugin' => NULL,
)
Request URL: /Harveu-AAC/users/register
Stack Trace:
#0 C:\xampp\htdocs\Harveu-AAC\app\webroot\index.php(108): Dispatcher->dispatch(Object(CakeRequest), Object(CakeResponse))
#1 {main}
2014-04-14 20:08:55 Error: [MissingControllerException] Controller class UsersController could not be found.
Exception Attributes: array (
  'class' => 'UsersController',
  'plugin' => NULL,
)
Request URL: /Harveu-AAC/users/register
Stack Trace:
#0 C:\xampp\htdocs\Harveu-AAC\app\webroot\index.php(108): Dispatcher->dispatch(Object(CakeRequest), Object(CakeResponse))
#1 {main}
2014-04-14 20:08:56 Error: [MissingControllerException] Controller class UsersController could not be found.
Exception Attributes: array (
  'class' => 'UsersController',
  'plugin' => NULL,
)
Request URL: /Harveu-AAC/users/login
Stack Trace:
#0 C:\xampp\htdocs\Harveu-AAC\app\webroot\index.php(108): Dispatcher->dispatch(Object(CakeRequest), Object(CakeResponse))
#1 {main}
2014-04-15 18:43:23 Error: [MissingControllerException] Controller class UsersController could not be found.
Exception Attributes: array (
  'class' => 'UsersController',
  'plugin' => NULL,
)
Request URL: /Harveu-AAC/users/login
Stack Trace:
#0 C:\xampp\htdocs\Harveu-AAC\app\webroot\index.php(108): Dispatcher->dispatch(Object(CakeRequest), Object(CakeResponse))
#1 {main}
2014-04-15 18:45:02 Error: [MissingControllerException] Controller class UsersController could not be found.
Exception Attributes: array (
  'class' => 'UsersController',
  'plugin' => NULL,
)
Request URL: /Harveu-AAC/users/login
Stack Trace:
#0 C:\xampp\htdocs\Harveu-AAC\app\webroot\index.php(108): Dispatcher->dispatch(Object(CakeRequest), Object(CakeResponse))
#1 {main}
2014-04-15 18:45:46 Error: [MissingActionException] Action AccountsController::register() could not be found.
Exception Attributes: array (
  'controller' => 'AccountsController',
  'action' => 'register',
)
Request URL: /Harveu-AAC/accounts/register
Stack Trace:
#0 C:\xampp\htdocs\Harveu-AAC\lib\Cake\Routing\Dispatcher.php(185): Controller->invokeAction(Object(CakeRequest))
#1 C:\xampp\htdocs\Harveu-AAC\lib\Cake\Routing\Dispatcher.php(160): Dispatcher->_invoke(Object(AccountsController), Object(CakeRequest), Object(CakeResponse))
#2 C:\xampp\htdocs\Harveu-AAC\app\webroot\index.php(108): Dispatcher->dispatch(Object(CakeRequest), Object(CakeResponse))
#3 {main}
2014-04-15 18:49:16 Error: [MissingControllerException] Controller class NewsController could not be found.
Exception Attributes: array (
  'class' => 'NewsController',
  'plugin' => NULL,
)
Request URL: /Harveu-AAC/news
Stack Trace:
#0 C:\xampp\htdocs\Harveu-AAC\app\webroot\index.php(108): Dispatcher->dispatch(Object(CakeRequest), Object(CakeResponse))
#1 {main}
